<?xml version="1.0" encoding="UTF-8"?>
<robot generator="Robot 7.4.2 (Python 3.14.3 on win32)" generated="2026-03-25T10:23:15.554799" rpa="false" schemaversion="5">
<suite id="s1" name="Base" source="C:\Users\ArlenFreitasSilva\Documents\qa-air-compass-uol\Documentos\Fase_02\Sprint_03\Semana_05\ROBOTVIDEO\base.robot">
<test id="s1-t1" name="Cenario: GET Todos Os Usuários 200" line="11">
<kw name="GET Usuarios">
<kw name="GET" owner="RequestsLibrary">
<msg time="2026-03-25T10:23:16.284904" level="INFO">GET Request : url=https://serverest.dev/usuarios 
 path_url=/usuarios 
 headers={'User-Agent': 'python-requests/2.32.5', 'Accept-Encoding': 'gzip, deflate, zstd', 'Accept': '*/*', 'Connection': 'keep-alive'} 
 body=None 
 </msg>
<msg time="2026-03-25T10:23:16.285023" level="INFO">GET Response : url=https://serverest.dev/usuarios 
 status=200, reason=OK 
 headers={'access-control-allow-origin': '*', 'x-dns-prefetch-control': 'off', 'x-frame-options': 'SAMEORIGIN', 'strict-transport-security': 'max-age=15552000; includeSubDomains', 'x-download-options': 'noopen', 'x-content-type-options': 'nosniff', 'x-xss-protection': '1; mode=block', 'content-type': 'application/json; charset=utf-8', 'x-cloud-trace-context': 'bcf67953da6bfc8f5fe71c7583083e1e;o=1', 'date': 'Wed, 25 Mar 2026 13:23:15 GMT', 'server': 'Google Frontend', 'Content-Length': '929'} 
 body={
    "quantidade": 4,
    "usuarios": [
        {
            "nome": "Fulano da Silva",
            "email": "fulano@qa.com",
            "password": "teste",
            "administrador": "true",
            "_id": "0uxuPY0cbmQhpEz1"
        },
        {
            "nome": "Adrian Ledner",
            "email": "Zion50@hotmail.com",
            "password": "IMAi2qEM8LVdmJp",
            "administrador": "true",
            "_id": "1EEsJdCRAMwFUi2f"
        },
        {
            "nome": "Mr. Lloyd D'Amore",
            "email": "Nettie_Ebert93@gmail.com",
            "password": "d35K7qrZlISO_TM",
            "administrador": "true",
            "_id": "6yEzVTyGJlBgXcyw"
        },
        {
            "nome": "Philip Pfeffer",
            "email": "Cheyanne_Nader85@gmail.com",
            "password": "nRzNOL9Cu1raMIU",
            "administrador": "true",
            "_id": "jxGu8GYpWzKBrzTX"
        }
    ]
} 
 </msg>
<msg time="2026-03-25T10:23:16.285084" level="INFO">C:\Users\ArlenFreitasSilva\AppData\Local\Python\pythoncore-3.14-64\Lib\site-packages\urllib3\connectionpool.py:1097: InsecureRequestWarning: Unverified HTTPS request is being made to host 'serverest.dev'. Adding certificate verification is strongly advised. See: https://urllib3.readthedocs.io/en/latest/advanced-usage.html#tls-warnings
  warnings.warn(</msg>
<msg time="2026-03-25T10:23:16.285589" level="INFO">${response} = &lt;Response [200]&gt;</msg>
<var>${response}</var>
<arg>${BASE_URL}/usuarios</arg>
<arg>verify=${False}</arg>
<doc>Sends a GET request.</doc>
<status status="PASS" start="2026-03-25T10:23:15.641620" elapsed="0.643997"/>
</kw>
<kw name="Set Suite Variable" owner="BuiltIn">
<msg time="2026-03-25T10:23:16.286067" level="INFO">${response} = &lt;Response [200]&gt;</msg>
<arg>${response}</arg>
<doc>Makes a variable available everywhere within the scope of the current suite.</doc>
<status status="PASS" start="2026-03-25T10:23:16.285781" elapsed="0.000315"/>
</kw>
<status status="PASS" start="2026-03-25T10:23:15.641238" elapsed="0.644906"/>
</kw>
<kw name="Validar Status Code &quot;200&quot;" source_name="Validar Status Code &quot;${statuscode}&quot;">
<kw name="Should Be Equal As Integers" owner="BuiltIn">
<msg time="2026-03-25T10:23:16.286985" level="INFO">Argument types are:
&lt;class 'int'&gt;
&lt;class 'str'&gt;</msg>
<arg>${response.status_code}</arg>
<arg>${statuscode}</arg>
<doc>Fails if objects are unequal after converting them to integers.</doc>
<status status="PASS" start="2026-03-25T10:23:16.286521" elapsed="0.000519"/>
</kw>
<status status="PASS" start="2026-03-25T10:23:16.286352" elapsed="0.000731"/>
</kw>
<tag>GET</tag>
<status status="PASS" start="2026-03-25T10:23:15.640768" elapsed="0.646453"/>
</test>
<test id="s1-t2" name="Cenario: POST Cadastrar Usuario 201" line="16">
<kw name="POST Usuarios">
<kw name="Generate Random String" owner="String">
<msg time="2026-03-25T10:23:16.288364" level="INFO">${random} = PPIYJL</msg>
<var>${random}</var>
<arg>6</arg>
<arg>[LETTERS]</arg>
<doc>Generates a string with a desired ``length`` from the given ``chars``.</doc>
<status status="PASS" start="2026-03-25T10:23:16.288108" elapsed="0.000275"/>
</kw>
<kw name="Create Dictionary" owner="BuiltIn">
<msg time="2026-03-25T10:23:16.288768" level="INFO">&amp;{payload} = { nome=Usuario Teste | email=teste_PPIYJL@gmail.com | password=123456 | administrador=true }</msg>
<var>&amp;{payload}</var>
<arg>nome=Usuario Teste</arg>
<arg>email=teste_${random}@gmail.com</arg>
<arg>password=123456</arg>
<arg>administrador=true</arg>
<doc>Creates and returns a dictionary based on the given ``items``.</doc>
<status status="PASS" start="2026-03-25T10:23:16.288459" elapsed="0.000334"/>
</kw>
<kw name="POST" owner="RequestsLibrary">
<msg time="2026-03-25T10:23:16.789944" level="INFO">POST Request : url=https://serverest.dev/usuarios 
 path_url=/usuarios 
 headers={'User-Agent': 'python-requests/2.32.5', 'Accept-Encoding': 'gzip, deflate, zstd', 'Accept': '*/*', 'Connection': 'keep-alive', 'Content-Length': '107', 'Content-Type': 'application/json'} 
 body=b'{"nome": "Usuario Teste", "email": "teste_PPIYJL@gmail.com", "password": "123456", "administrador": "true"}' 
 </msg>
<msg time="2026-03-25T10:23:16.790044" level="INFO">POST Response : url=https://serverest.dev/usuarios 
 status=201, reason=Created 
 headers={'access-control-allow-origin': '*', 'x-dns-prefetch-control': 'off', 'x-frame-options': 'SAMEORIGIN', 'strict-transport-security': 'max-age=15552000; includeSubDomains', 'x-download-options': 'noopen', 'x-content-type-options': 'nosniff', 'x-xss-protection': '1; mode=block', 'content-type': 'application/json; charset=utf-8', 'x-cloud-trace-context': 'e3e0fd4e15454f055fe71c7583083f15', 'date': 'Wed, 25 Mar 2026 13:23:15 GMT', 'server': 'Google Frontend', 'Content-Length': '82'} 
 body={
    "message": "Cadastro realizado com sucesso",
    "_id": "KELiQfso6Qo7jw6L"
} 
 </msg>
<msg time="2026-03-25T10:23:16.790112" level="INFO">C:\Users\ArlenFreitasSilva\AppData\Local\Python\pythoncore-3.14-64\Lib\site-packages\urllib3\connectionpool.py:1097: InsecureRequestWarning: Unverified HTTPS request is being made to host 'serverest.dev'. Adding certificate verification is strongly advised. See: https://urllib3.readthedocs.io/en/latest/advanced-usage.html#tls-warnings
  warnings.warn(</msg>
<msg time="2026-03-25T10:23:16.790447" level="INFO">${response} = &lt;Response [201]&gt;</msg>
<var>${response}</var>
<arg>${BASE_URL}/usuarios</arg>
<arg>json=${payload}</arg>
<arg>verify=${False}</arg>
<doc>Sends a POST request.</doc>
<status status="PASS" start="2026-03-25T10:23:16.288885" elapsed="0.501594"/>
</kw>
<kw name="Set Suite Variable" owner="BuiltIn">
<msg time="2026-03-25T10:23:16.790869" level="INFO">${response} = &lt;Response [201]&gt;</msg>
<arg>${response}</arg>
<doc>Makes a variable available everywhere within the scope of the current suite.</doc>
<status status="PASS" start="2026-03-25T10:23:16.790613" elapsed="0.000280"/>
</kw>
<kw name="Set Suite Variable" owner="BuiltIn">
<msg time="2026-03-25T10:23:16.791648" level="INFO">${usuario_id} = KELiQfso6Qo7jw6L</msg>
<arg>${usuario_id}</arg>
<arg>${response.json()}[_id]</arg>
<doc>Makes a variable available everywhere within the scope of the current suite.</doc>
<status status="PASS" start="2026-03-25T10:23:16.790958" elapsed="0.000715"/>
</kw>
<status status="PASS" start="2026-03-25T10:23:16.287949" elapsed="0.503762"/>
</kw>
<kw name="Validar Status Code &quot;201&quot;" source_name="Validar Status Code &quot;${statuscode}&quot;">
<kw name="Should Be Equal As Integers" owner="BuiltIn">
<msg time="2026-03-25T10:23:16.792332" level="INFO">Argument types are:
&lt;class 'int'&gt;
&lt;class 'str'&gt;</msg>
<arg>${response.status_code}</arg>
<arg>${statuscode}</arg>
<doc>Fails if objects are unequal after converting them to integers.</doc>
<status status="PASS" start="2026-03-25T10:23:16.792049" elapsed="0.000333"/>
</kw>
<status status="PASS" start="2026-03-25T10:23:16.791908" elapsed="0.000506"/>
</kw>
<tag>POST</tag>
<status status="PASS" start="2026-03-25T10:23:16.287631" elapsed="0.504909"/>
</test>
<test id="s1-t3" name="Cenario: PUT Editar Usuario 200" line="21">
<kw name="PUT Usuarios">
<kw name="Create Dictionary" owner="BuiltIn">
<msg time="2026-03-25T10:23:16.793475" level="INFO">&amp;{payload} = { nome=Usuario Editado | email=editado@gmail.com | password=123456 | administrador=false }</msg>
<var>&amp;{payload}</var>
<arg>nome=Usuario Editado</arg>
<arg>email=editado@gmail.com</arg>
<arg>password=123456</arg>
<arg>administrador=false</arg>
<doc>Creates and returns a dictionary based on the given ``items``.</doc>
<status status="PASS" start="2026-03-25T10:23:16.793283" elapsed="0.000207"/>
</kw>
<kw name="PUT" owner="RequestsLibrary">
<msg time="2026-03-25T10:23:17.286647" level="INFO">PUT Request : url=https://serverest.dev/usuarios/KELiQfso6Qo7jw6L 
 path_url=/usuarios/KELiQfso6Qo7jw6L 
 headers={'User-Agent': 'python-requests/2.32.5', 'Accept-Encoding': 'gzip, deflate, zstd', 'Accept': '*/*', 'Connection': 'keep-alive', 'Content-Length': '105', 'Content-Type': 'application/json'} 
 body=b'{"nome": "Usuario Editado", "email": "editado@gmail.com", "password": "123456", "administrador": "false"}' 
 </msg>
<msg time="2026-03-25T10:23:17.286774" level="INFO">PUT Response : url=https://serverest.dev/usuarios/KELiQfso6Qo7jw6L 
 status=200, reason=OK 
 headers={'access-control-allow-origin': '*', 'x-dns-prefetch-control': 'off', 'x-frame-options': 'SAMEORIGIN', 'strict-transport-security': 'max-age=15552000; includeSubDomains', 'x-download-options': 'noopen', 'x-content-type-options': 'nosniff', 'x-xss-protection': '1; mode=block', 'content-type': 'application/json; charset=utf-8', 'x-cloud-trace-context': 'efcafd86bfa4b4285fe71c7583083bc1', 'date': 'Wed, 25 Mar 2026 13:23:16 GMT', 'server': 'Google Frontend', 'Content-Length': '50'} 
 body={
    "message": "Registro alterado com sucesso"
} 
 </msg>
<msg time="2026-03-25T10:23:17.286825" level="INFO">C:\Users\ArlenFreitasSilva\AppData\Local\Python\pythoncore-3.14-64\Lib\site-packages\urllib3\connectionpool.py:1097: InsecureRequestWarning: Unverified HTTPS request is being made to host 'serverest.dev'. Adding certificate verification is strongly advised. See: https://urllib3.readthedocs.io/en/latest/advanced-usage.html#tls-warnings
  warnings.warn(</msg>
<msg time="2026-03-25T10:23:17.287284" level="INFO">${response} = &lt;Response [200]&gt;</msg>
<var>${response}</var>
<arg>${BASE_URL}/usuarios/${usuario_id}</arg>
<arg>json=${payload}</arg>
<arg>verify=${False}</arg>
<doc>Sends a PUT request.</doc>
<status status="PASS" start="2026-03-25T10:23:16.793563" elapsed="0.493753"/>
</kw>
<kw name="Set Suite Variable" owner="BuiltIn">
<msg time="2026-03-25T10:23:17.287734" level="INFO">${response} = &lt;Response [200]&gt;</msg>
<arg>${response}</arg>
<doc>Makes a variable available everywhere within the scope of the current suite.</doc>
<status status="PASS" start="2026-03-25T10:23:17.287457" elapsed="0.000303"/>
</kw>
<status status="PASS" start="2026-03-25T10:23:16.793157" elapsed="0.494641"/>
</kw>
<kw name="Validar Status Code &quot;200&quot;" source_name="Validar Status Code &quot;${statuscode}&quot;">
<kw name="Should Be Equal As Integers" owner="BuiltIn">
<msg time="2026-03-25T10:23:17.288499" level="INFO">Argument types are:
&lt;class 'int'&gt;
&lt;class 'str'&gt;</msg>
<arg>${response.status_code}</arg>
<arg>${statuscode}</arg>
<doc>Fails if objects are unequal after converting them to integers.</doc>
<status status="PASS" start="2026-03-25T10:23:17.288133" elapsed="0.000409"/>
</kw>
<status status="PASS" start="2026-03-25T10:23:17.287968" elapsed="0.000616"/>
</kw>
<tag>PUT</tag>
<status status="PASS" start="2026-03-25T10:23:16.792941" elapsed="0.495784"/>
</test>
<test id="s1-t4" name="Cenario: DELETE Usuario 200" line="26">
<kw name="DELETE Usuarios">
<kw name="DELETE" owner="RequestsLibrary">
<msg time="2026-03-25T10:23:17.752724" level="INFO">DELETE Request : url=https://serverest.dev/usuarios/KELiQfso6Qo7jw6L 
 path_url=/usuarios/KELiQfso6Qo7jw6L 
 headers={'User-Agent': 'python-requests/2.32.5', 'Accept-Encoding': 'gzip, deflate, zstd', 'Accept': '*/*', 'Connection': 'keep-alive', 'Content-Length': '0'} 
 body=None 
 </msg>
<msg time="2026-03-25T10:23:17.752880" level="INFO">DELETE Response : url=https://serverest.dev/usuarios/KELiQfso6Qo7jw6L 
 status=200, reason=OK 
 headers={'access-control-allow-origin': '*', 'x-dns-prefetch-control': 'off', 'x-frame-options': 'SAMEORIGIN', 'strict-transport-security': 'max-age=15552000; includeSubDomains', 'x-download-options': 'noopen', 'x-content-type-options': 'nosniff', 'x-xss-protection': '1; mode=block', 'content-type': 'application/json; charset=utf-8', 'x-cloud-trace-context': '558d8d68fd7057f95fe71c75830838b5', 'date': 'Wed, 25 Mar 2026 13:23:16 GMT', 'server': 'Google Frontend', 'Content-Length': '51'} 
 body={
    "message": "Registro excluído com sucesso"
} 
 </msg>
<msg time="2026-03-25T10:23:17.752971" level="INFO">C:\Users\ArlenFreitasSilva\AppData\Local\Python\pythoncore-3.14-64\Lib\site-packages\urllib3\connectionpool.py:1097: InsecureRequestWarning: Unverified HTTPS request is being made to host 'serverest.dev'. Adding certificate verification is strongly advised. See: https://urllib3.readthedocs.io/en/latest/advanced-usage.html#tls-warnings
  warnings.warn(</msg>
<msg time="2026-03-25T10:23:17.753640" level="INFO">${response} = &lt;Response [200]&gt;</msg>
<var>${response}</var>
<arg>${BASE_URL}/usuarios/${usuario_id}</arg>
<arg>verify=${False}</arg>
<doc>Sends a DELETE request.</doc>
<status status="PASS" start="2026-03-25T10:23:17.289560" elapsed="0.464144"/>
</kw>
<kw name="Set Suite Variable" owner="BuiltIn">
<msg time="2026-03-25T10:23:17.754478" level="INFO">${response} = &lt;Response [200]&gt;</msg>
<arg>${response}</arg>
<doc>Makes a variable available everywhere within the scope of the current suite.</doc>
<status status="PASS" start="2026-03-25T10:23:17.753955" elapsed="0.000568"/>
</kw>
<status status="PASS" start="2026-03-25T10:23:17.289407" elapsed="0.465178"/>
</kw>
<kw name="Validar Status Code &quot;200&quot;" source_name="Validar Status Code &quot;${statuscode}&quot;">
<kw name="Should Be Equal As Integers" owner="BuiltIn">
<msg time="2026-03-25T10:23:17.755695" level="INFO">Argument types are:
&lt;class 'int'&gt;
&lt;class 'str'&gt;</msg>
<arg>${response.status_code}</arg>
<arg>${statuscode}</arg>
<doc>Fails if objects are unequal after converting them to integers.</doc>
<status status="PASS" start="2026-03-25T10:23:17.755262" elapsed="0.000493"/>
</kw>
<status status="PASS" start="2026-03-25T10:23:17.755030" elapsed="0.000789"/>
</kw>
<tag>DELETE</tag>
<status status="PASS" start="2026-03-25T10:23:17.289126" elapsed="0.467127"/>
</test>
<doc>Base Robot Framework Test Suite</doc>
<status status="PASS" start="2026-03-25T10:23:15.556620" elapsed="2.200731"/>
</suite>
<statistics>
<total>
<stat pass="4" fail="0" skip="0">All Tests</stat>
</total>
<tag>
<stat pass="1" fail="0" skip="0">DELETE</stat>
<stat pass="1" fail="0" skip="0">GET</stat>
<stat pass="1" fail="0" skip="0">POST</stat>
<stat pass="1" fail="0" skip="0">PUT</stat>
</tag>
<suite>
<stat name="Base" id="s1" pass="4" fail="0" skip="0">Base</stat>
</suite>
</statistics>
<errors>
</errors>
</robot>
